<?xml version="1.0" encoding="UTF-8"?>
<!-- Generated by org.testng.reporters.JUnitReportReporter -->
<testsuite hostname="LAPTOP-H2F0LVSP" failures="0" tests="2" name="com.seleniumcucumberframework.qa.runner.TestRunner" time="3.775" errors="2" timestamp="2025-02-10T18:29:44 EST" skipped="0">
  <testcase classname="com.seleniumcucumberframework.qa.runner.TestRunner" name="runScenario" time="1.761">
    <error message="Invalid page: loginpage" type="java.lang.IllegalArgumentException">
      <![CDATA[java.lang.IllegalArgumentException: Invalid page: loginpage
at com.seleniumcucumberframework.qa.stepdefinition.LoginStepDef.userIsOnLoginPage(LoginStepDef.java:72)
at ✽.User is on the "loginpage"(file:///C:/Users/knand/eclipse-workspace/12345/com.seleniumcucumberframework.qa/src/test/resources/features/login.feature:15)
]]>
    </error>
  </testcase> <!-- runScenario -->
  <testcase classname="com.seleniumcucumberframework.qa.runner.TestRunner" name="runScenario" time="2.014">
    <error message="Invalid page: loginpage" type="java.lang.IllegalArgumentException">
      <![CDATA[java.lang.IllegalArgumentException: Invalid page: loginpage
at com.seleniumcucumberframework.qa.stepdefinition.LoginStepDef.userIsOnLoginPage(LoginStepDef.java:72)
at ✽.User is on the "loginpage"(file:///C:/Users/knand/eclipse-workspace/12345/com.seleniumcucumberframework.qa/src/test/resources/features/login.feature:7)
]]>
    </error>
  </testcase> <!-- runScenario -->
</testsuite> <!-- com.seleniumcucumberframework.qa.runner.TestRunner -->
